<?xml version="1.0" encoding="UTF-8"?>
<testng-results skipped="0" failed="0" total="1" passed="1">
  <reporter-output>
  </reporter-output>
  <suite name="Default Suite" duration-ms="38922" started-at="2021-04-14T10:50:41Z" finished-at="2021-04-14T10:51:20Z">
    <groups>
    </groups>
    <test name="orangehr" duration-ms="38922" started-at="2021-04-14T10:50:41Z" finished-at="2021-04-14T10:51:20Z">
      <class name="com.orangehr.OrangeHR_Login_TestNG_Ex">
        <test-method status="PASS" signature="LaunchBrowser()[pri:0, instance:com.orangehr.OrangeHR_Login_TestNG_Ex@282ba1e]" name="LaunchBrowser" is-config="true" duration-ms="4620" started-at="2021-04-14T10:50:41Z" finished-at="2021-04-14T10:50:45Z">
        </test-method> <!-- LaunchBrowser -->
        <test-method status="PASS" signature="LoginTest()[pri:0, instance:com.orangehr.OrangeHR_Login_TestNG_Ex@282ba1e]" name="LoginTest" duration-ms="33405" started-at="2021-04-14T10:50:45Z" finished-at="2021-04-14T10:51:19Z">
        </test-method> <!-- LoginTest -->
        <test-method status="PASS" signature="CloseBrowser()[pri:0, instance:com.orangehr.OrangeHR_Login_TestNG_Ex@282ba1e]" name="CloseBrowser" is-config="true" duration-ms="878" started-at="2021-04-14T10:51:19Z" finished-at="2021-04-14T10:51:20Z">
        </test-method> <!-- CloseBrowser -->
      </class> <!-- com.orangehr.OrangeHR_Login_TestNG_Ex -->
    </test> <!-- orangehr -->
  </suite> <!-- Default Suite -->
</testng-results>
